<?xml version="1.0" encoding="UTF-8"?>
<!-- Generated by org.testng.reporters.JUnitReportReporter -->
<testsuite hostname="DESKTOP-I6MKJFC" failures="0" tests="1" name="com.itlearn.testcases.FirstTest" time="3.614" errors="0" timestamp="2023-04-20T10:43:47 GMT-04:00" skipped="0">
  <testcase classname="com.itlearn.testcases.FirstTest" name="loginApp" time="3.614"/>
  <system-out/>
</testsuite> <!-- com.itlearn.testcases.FirstTest -->
