<?xml version="1.0" encoding="UTF-8"?>
<!-- Generated by org.testng.reporters.JUnitReportReporter -->
<testsuite hostname="DESKTOP-I6MKJFC" failures="0" tests="2" name="com.itlearn.testcases.LoginTest" time="5.757" errors="0" timestamp="2023-06-08T13:15:51 GMT-04:00" skipped="0">
  <testcase classname="com.itlearn.testcases.LoginTest" name="VerifyLogin" time="5.665"/>
  <system-out/>
  <testcase classname="com.itlearn.testcases.LoginTest" name="fetchDashboardText" time="0.092"/>
  <system-out/>
</testsuite> <!-- com.itlearn.testcases.LoginTest -->
